<?xml version="1.0" encoding="UTF-8"?>
<!-- Generated by org.testng.reporters.JUnitXMLReporter -->
<testsuite ignored="1" hostname="DESKTOP-L6FTIVI" failures="0" tests="1" name="Default test" time="9.905" errors="0" timestamp="2024-06-08T19:04:47 IST">
  <testcase classname="tests.SubmitOrderTest" name="orderHistory" time="0.944"/>
  <testcase classname="tests.SubmitOrderTest" name="orderConfirmation" time="0.0">
    <ignored/>
  </testcase> <!-- orderConfirmation -->
</testsuite> <!-- Default test -->
