<?xml version="1.0" encoding="UTF-8"?>
<!-- Generated by org.testng.reporters.JUnitXMLReporter -->
<testsuite ignored="1" hostname="DESKTOP-L6FTIVI" failures="0" tests="1" name="ErrorValidations" time="17.098" errors="0" timestamp="2024-06-06T17:35:12 IST">
  <testcase classname="tests.ErrorValidationTest" name="loginErrorValidation" time="1.004"/>
  <testcase classname="tests.ErrorValidationTest" name="productErrorValidation" time="0.0">
    <ignored/>
  </testcase> <!-- productErrorValidation -->
</testsuite> <!-- ErrorValidations -->
