<?xml version="1.0" encoding="UTF-8"?>
<!-- Generated by org.testng.reporters.JUnitXMLReporter -->
<testsuite ignored="1" hostname="DESKTOP-L6FTIVI" failures="1" tests="2" name="ErrorValidations" time="14.823" errors="0" timestamp="2024-06-07T14:42:44 IST">
  <testcase classname="tests.ErrorValidationTest" name="loginErrorValidation" time="0.872">
    <skipped/>
  </testcase> <!-- loginErrorValidation -->
  <testcase classname="tests.ErrorValidationTest" name="loginErrorValidation" time="0.438">
    <failure type="java.lang.AssertionError" message="did not expect [Incorrect email or password.] but found [Incorrect email or password.]">
      <![CDATA[java.lang.AssertionError: did not expect [Incorrect email or password.] but found [Incorrect email or password.]
at tests.ErrorValidationTest.loginErrorValidation(ErrorValidationTest.java:30)
at java.base/java.util.ArrayList.forEach(ArrayList.java:1596)
... Removed 34 stack frames]]>
    </failure>
  </testcase> <!-- loginErrorValidation -->
  <testcase classname="tests.ErrorValidationTest" name="productErrorValidation" time="0.0">
    <ignored/>
  </testcase> <!-- productErrorValidation -->
</testsuite> <!-- ErrorValidations -->
