<?xml version="1.0" encoding="UTF-8"?>
<!-- Generated by org.testng.reporters.JUnitXMLReporter -->
<testsuite ignored="2" hostname="DESKTOP-L6FTIVI" failures="0" tests="0" time="0.012" errors="0" timestamp="2024-06-07T14:42:29 IST">
  <testcase classname="tests.SubmitOrderTest" name="orderConfirmation" time="0.0">
    <ignored/>
  </testcase> <!-- orderConfirmation -->
  <testcase classname="tests.SubmitOrderTest" name="orderHistory" time="0.0">
    <ignored/>
  </testcase> <!-- orderHistory -->
</testsuite>
