<?xml version="1.0" encoding="UTF-8"?>
<testng-results ignored="1" total="2" passed="1" failed="0" skipped="0">
  <reporter-output>
  </reporter-output>
  <suite started-at="2024-06-08T19:04:37 IST" name="Default suite" finished-at="2024-06-08T19:04:47 IST" duration-ms="9905">
    <groups>
    </groups>
    <test started-at="2024-06-08T19:04:37 IST" name="Default test" finished-at="2024-06-08T19:04:47 IST" duration-ms="9905">
      <class name="tests.SubmitOrderTest">
        <test-method is-config="true" signature="launchApplication()[pri:0, instance:tests.SubmitOrderTest@6574a52c]" started-at="2024-06-08T19:04:38 IST" name="launchApplication" finished-at="2024-06-08T19:04:46 IST" duration-ms="8600" status="PASS">
          <reporter-output>
          </reporter-output>
        </test-method> <!-- launchApplication -->
        <test-method signature="orderHistory()[pri:0, instance:tests.SubmitOrderTest@6574a52c]" started-at="2024-06-08T19:04:46 IST" name="orderHistory" finished-at="2024-06-08T19:04:47 IST" duration-ms="944" status="PASS">
          <reporter-output>
          </reporter-output>
        </test-method> <!-- orderHistory -->
        <test-method is-config="true" signature="tearDown()[pri:0, instance:tests.SubmitOrderTest@6574a52c]" started-at="2024-06-08T19:04:47 IST" name="tearDown" finished-at="2024-06-08T19:04:47 IST" duration-ms="267" status="PASS">
          <reporter-output>
          </reporter-output>
        </test-method> <!-- tearDown -->
      </class> <!-- tests.SubmitOrderTest -->
    </test> <!-- Default test -->
  </suite> <!-- Default suite -->
</testng-results>
